{"/Users/admin11/devM/safetynet-server/source/index.ts": {"path":"/Users/admin11/devM/safetynet-server/source/index.ts","statementMap":{"0":{"start":{"line":1,"column":0},"end":{"line":1,"column":31}},"1":{"start":{"line":2,"column":0},"end":{"line":2,"column":33}},"2":{"start":{"line":3,"column":0},"end":{"line":3,"column":22}},"3":{"start":{"line":21,"column":24},"end":{"line":21,"column":78}},"4":{"start":{"line":40,"column":35},"end":{"line":41,"column":8}},"5":{"start":{"line":41,"column":2},"end":{"line":44,"column":19}},"6":{"start":{"line":47,"column":13},"end":{"line":64,"column":2}},"7":{"start":{"line":47,"column":50},"end":{"line":64,"column":2}},"8":{"start":{"line":49,"column":8},"end":{"line":49,"column":52}},"9":{"start":{"line":50,"column":8},"end":{"line":50,"column":48}},"10":{"start":{"line":51,"column":8},"end":{"line":51,"column":65}},"11":{"start":{"line":52,"column":8},"end":{"line":52,"column":54}},"12":{"start":{"line":54,"column":2},"end":{"line":54,"column":48}},"13":{"start":{"line":56,"column":2},"end":{"line":58,"column":null}},"14":{"start":{"line":57,"column":4},"end":{"line":57,"column":32}},"15":{"start":{"line":60,"column":2},"end":{"line":62,"column":null}},"16":{"start":{"line":61,"column":4},"end":{"line":61,"column":57}},"17":{"start":{"line":61,"column":29},"end":{"line":61,"column":47}},"18":{"start":{"line":63,"column":2},"end":{"line":63,"column":30}},"19":{"start":{"line":67,"column":13},"end":{"line":96,"column":2}},"20":{"start":{"line":69,"column":8},"end":{"line":96,"column":2}},"21":{"start":{"line":71,"column":2},"end":{"line":73,"column":null}},"22":{"start":{"line":72,"column":4},"end":{"line":72,"column":27}},"23":{"start":{"line":74,"column":8},"end":{"line":74,"column":97}},"24":{"start":{"line":77,"column":31},"end":{"line":90,"column":null}},"25":{"start":{"line":82,"column":6},"end":{"line":89,"column":null}},"26":{"start":{"line":84,"column":10},"end":{"line":84,"column":33}},"27":{"start":{"line":86,"column":10},"end":{"line":86,"column":55}},"28":{"start":{"line":88,"column":10},"end":{"line":88,"column":55}},"29":{"start":{"line":77,"column":10},"end":{"line":90,"column":null}},"30":{"start":{"line":92,"column":4},"end":{"line":92,"column":47}},"31":{"start":{"line":94,"column":4},"end":{"line":94,"column":27}},"32":{"start":{"line":99,"column":13},"end":{"line":118,"column":2}},"33":{"start":{"line":102,"column":8},"end":{"line":118,"column":2}},"34":{"start":{"line":104,"column":27},"end":{"line":107,"column":null}},"35":{"start":{"line":104,"column":8},"end":{"line":107,"column":null}},"36":{"start":{"line":109,"column":2},"end":{"line":111,"column":null}},"37":{"start":{"line":110,"column":4},"end":{"line":110,"column":17}},"38":{"start":{"line":113,"column":8},"end":{"line":113,"column":51}},"39":{"start":{"line":114,"column":8},"end":{"line":114,"column":49}},"40":{"start":{"line":115,"column":8},"end":{"line":115,"column":76}},"41":{"start":{"line":117,"column":2},"end":{"line":117,"column":16}}},"fnMap":{"0":{"name":"(anonymous_14)","decl":{"start":{"line":40,"column":35},"end":{"line":40,"column":40}},"loc":{"start":{"line":40,"column":40},"end":{"line":41,"column":8}}},"1":{"name":"(anonymous_15)","decl":{"start":{"line":47,"column":40},"end":{"line":47,"column":46}},"loc":{"start":{"line":47,"column":50},"end":{"line":64,"column":2}}},"2":{"name":"(anonymous_16)","decl":{"start":{"line":47,"column":50},"end":{"line":47,"column":null}},"loc":{"start":{"line":47,"column":50},"end":{"line":64,"column":2}}},"3":{"name":"(anonymous_18)","decl":{"start":{"line":61,"column":22},"end":{"line":61,"column":25}},"loc":{"start":{"line":61,"column":25},"end":{"line":61,"column":41}}},"4":{"name":"(anonymous_19)","decl":{"start":{"line":67,"column":55},"end":{"line":67,"column":null}},"loc":{"start":{"line":69,"column":8},"end":{"line":96,"column":2}}},"5":{"name":"(anonymous_20)","decl":{"start":{"line":69,"column":8},"end":{"line":69,"column":null}},"loc":{"start":{"line":69,"column":8},"end":{"line":96,"column":2}}},"6":{"name":"(anonymous_22)","decl":{"start":{"line":81,"column":12},"end":{"line":81,"column":20}},"loc":{"start":{"line":81,"column":20},"end":{"line":90,"column":5}}},"7":{"name":"(anonymous_23)","decl":{"start":{"line":99,"column":49},"end":{"line":99,"column":null}},"loc":{"start":{"line":102,"column":8},"end":{"line":118,"column":2}}},"8":{"name":"(anonymous_24)","decl":{"start":{"line":102,"column":8},"end":{"line":102,"column":null}},"loc":{"start":{"line":102,"column":8},"end":{"line":118,"column":2}}}},"branchMap":{"0":{"loc":{"start":{"line":21,"column":32},"end":{"line":21,"column":69}},"type":"binary-expr","locations":[{"start":{"line":21,"column":32},"end":{"line":21,"column":69}},{"start":{"line":21,"column":73},"end":{"line":21,"column":77}}]},"1":{"loc":{"start":{"line":56,"column":2},"end":{"line":58,"column":null}},"type":"if","locations":[{"start":{"line":56,"column":2},"end":{"line":58,"column":null}},{"start":{"line":56,"column":2},"end":{"line":58,"column":null}}]},"2":{"loc":{"start":{"line":60,"column":2},"end":{"line":62,"column":null}},"type":"if","locations":[{"start":{"line":60,"column":2},"end":{"line":62,"column":null}},{"start":{"line":60,"column":2},"end":{"line":62,"column":null}}]},"3":{"loc":{"start":{"line":71,"column":2},"end":{"line":73,"column":null}},"type":"if","locations":[{"start":{"line":71,"column":2},"end":{"line":73,"column":null}},{"start":{"line":71,"column":2},"end":{"line":73,"column":null}}]},"4":{"loc":{"start":{"line":83,"column":8},"end":{"line":84,"column":33}},"type":"switch","locations":[{"start":{"line":83,"column":8},"end":{"line":84,"column":33}},{"start":{"line":85,"column":8},"end":{"line":86,"column":55}},{"start":{"line":87,"column":8},"end":{"line":88,"column":55}}]},"5":{"loc":{"start":{"line":104,"column":27},"end":{"line":107,"column":null}},"type":"switch","locations":[{"start":{"line":104,"column":27},"end":{"line":107,"column":null}}]},"6":{"loc":{"start":{"line":109,"column":2},"end":{"line":111,"column":null}},"type":"if","locations":[{"start":{"line":109,"column":2},"end":{"line":111,"column":null}},{"start":{"line":109,"column":2},"end":{"line":111,"column":null}}]},"7":{"loc":{"start":{"line":115,"column":17},"end":{"line":115,"column":49}},"type":"binary-expr","locations":[{"start":{"line":115,"column":17},"end":{"line":115,"column":49}},{"start":{"line":115,"column":53},"end":{"line":115,"column":75}}]}},"s":{"0":2,"1":1,"2":1,"3":1,"4":1,"5":5,"6":1,"7":1,"8":1,"9":1,"10":1,"11":1,"12":1,"13":1,"14":0,"15":1,"16":1,"17":3,"18":1,"19":1,"20":0,"21":0,"22":0,"23":0,"24":0,"25":0,"26":0,"27":0,"28":0,"29":0,"30":0,"31":0,"32":1,"33":0,"34":0,"35":0,"36":0,"37":0,"38":0,"39":0,"40":0,"41":0},"f":{"0":5,"1":1,"2":1,"3":3,"4":0,"5":0,"6":0,"7":0,"8":0},"b":{"0":[1,1],"1":[0,1],"2":[1,0],"3":[0,0],"4":[0,0,0],"5":[0],"6":[0,0],"7":[0,0]}}
}
