TN:
SF:/Users/admin11/devM/safetynet-server/source/index.ts
FN:40,(anonymous_14)
FN:47,(anonymous_15)
FN:47,(anonymous_16)
FN:61,(anonymous_18)
FN:67,(anonymous_19)
FN:69,(anonymous_20)
FN:81,(anonymous_22)
FN:99,(anonymous_23)
FN:102,(anonymous_24)
FNF:9
FNH:4
FNDA:5,(anonymous_14)
FNDA:1,(anonymous_15)
FNDA:1,(anonymous_16)
FNDA:3,(anonymous_18)
FNDA:0,(anonymous_19)
FNDA:0,(anonymous_20)
FNDA:0,(anonymous_22)
FNDA:0,(anonymous_23)
FNDA:0,(anonymous_24)
DA:1,2
DA:2,1
DA:3,1
DA:21,1
DA:40,1
DA:41,5
DA:47,1
DA:49,1
DA:50,1
DA:51,1
DA:52,1
DA:54,1
DA:56,1
DA:57,0
DA:60,1
DA:61,3
DA:63,1
DA:67,1
DA:69,0
DA:71,0
DA:72,0
DA:74,0
DA:77,0
DA:82,0
DA:84,0
DA:86,0
DA:88,0
DA:92,0
DA:94,0
DA:99,1
DA:102,0
DA:104,0
DA:109,0
DA:110,0
DA:113,0
DA:114,0
DA:115,0
DA:117,0
LF:38
LH:18
BRDA:21,0,0,1
BRDA:21,0,1,1
BRDA:56,1,0,0
BRDA:56,1,1,1
BRDA:60,2,0,1
BRDA:60,2,1,0
BRDA:71,3,0,0
BRDA:71,3,1,0
BRDA:83,4,0,0
BRDA:83,4,1,0
BRDA:83,4,2,0
BRDA:104,5,0,0
BRDA:109,6,0,0
BRDA:109,6,1,0
BRDA:115,7,0,0
BRDA:115,7,1,0
BRF:16
BRH:4
end_of_record
